<?xml version="1.0" encoding="UTF-8"?>
<testsuite name="models.SquadTest" tests="8" skipped="0" failures="0" errors="0" timestamp="2021-06-15T19:24:57" hostname="moringa-hp-probook-650-g5" time="0.003">
  <properties/>
  <testcase name="SquadInstantiatesWithCorrectStrength_true" classname="models.SquadTest" time="0.001"/>
  <testcase name="HeroInstantiatesWithCorrectId_true" classname="models.SquadTest" time="0.0"/>
  <testcase name="AllHeroesContainsAllHeroes_true" classname="models.SquadTest" time="0.0"/>
  <testcase name="NewSquadObjectGetsCorrectlyCreated_true" classname="models.SquadTest" time="0.001"/>
  <testcase name="HeroInstantiatesWithCorrectWeakness_true" classname="models.SquadTest" time="0.0"/>
  <testcase name="SquadInstantiatesWithCorrectAge_true" classname="models.SquadTest" time="0.0"/>
  <testcase name="AllHeroInstancesAreCorrectlyReturned_true" classname="models.SquadTest" time="0.0"/>
  <testcase name="SquadInstantiatesWithCorrectName_true" classname="models.SquadTest" time="0.001"/>
  <system-out><![CDATA[]]></system-out>
  <system-err><![CDATA[]]></system-err>
</testsuite>
